63059125 phase=wndproc-enter msg=WM_ACTIVATE hwnd=789566 fg=1 capture=0 cursor=953,473 rect=160,160,1375,864 wparam=1 lparam=0 detail=0
63059218 phase=wndproc-enter msg=WM_SETFOCUS hwnd=789566 fg=1 capture=0 cursor=953,473 rect=160,160,1375,864 wparam=0 lparam=0 detail=0
63059234 phase=wndproc-enter msg=WM_NCHITTEST hwnd=789566 fg=1 capture=0 cursor=953,473 rect=160,160,1375,864 wparam=0 lparam=30999481 detail=0
63059234 phase=nchittest-result msg=WM_NCHITTEST hwnd=789566 fg=1 capture=0 cursor=953,473 rect=160,160,1375,864 wparam=0 lparam=30999481 detail=1
63059234 phase=wndproc-enter msg=WM_NCHITTEST hwnd=789566 fg=1 capture=0 cursor=953,473 rect=160,160,1375,864 wparam=0 lparam=30999481 detail=0
63059234 phase=nchittest-result msg=WM_NCHITTEST hwnd=789566 fg=1 capture=0 cursor=953,473 rect=160,160,1375,864 wparam=0 lparam=30999481 detail=1
63059265 phase=wndproc-enter msg=WM_NCHITTEST hwnd=789566 fg=1 capture=0 cursor=953,473 rect=160,160,1375,864 wparam=0 lparam=30999481 detail=0
63059265 phase=nchittest-result msg=WM_NCHITTEST hwnd=789566 fg=1 capture=0 cursor=953,473 rect=160,160,1375,864 wparam=0 lparam=30999481 detail=1
63059343 phase=wndproc-enter msg=WM_NCHITTEST hwnd=789566 fg=1 capture=0 cursor=953,473 rect=160,160,1375,864 wparam=0 lparam=30999481 detail=0
63059343 phase=nchittest-result msg=WM_NCHITTEST hwnd=789566 fg=1 capture=0 cursor=953,473 rect=160,160,1375,864 wparam=0 lparam=30999481 detail=1
63059421 phase=wndproc-enter msg=WM_NCHITTEST hwnd=789566 fg=1 capture=0 cursor=953,473 rect=160,160,1375,864 wparam=0 lparam=30999481 detail=0
63059421 phase=nchittest-result msg=WM_NCHITTEST hwnd=789566 fg=1 capture=0 cursor=953,473 rect=160,160,1375,864 wparam=0 lparam=30999481 detail=1
63059421 phase=wndproc-enter msg=WM_NCHITTEST hwnd=789566 fg=1 capture=0 cursor=953,473 rect=160,160,1375,864 wparam=0 lparam=30999481 detail=0
63059421 phase=nchittest-result msg=WM_NCHITTEST hwnd=789566 fg=1 capture=0 cursor=953,473 rect=160,160,1375,864 wparam=0 lparam=30999481 detail=1
63059531 phase=wndproc-enter msg=WM_NCHITTEST hwnd=789566 fg=1 capture=0 cursor=953,473 rect=160,160,1375,864 wparam=0 lparam=30999481 detail=0
63059531 phase=nchittest-result msg=WM_NCHITTEST hwnd=789566 fg=1 capture=0 cursor=953,473 rect=160,160,1375,864 wparam=0 lparam=30999481 detail=1
63059531 phase=wndproc-enter msg=WM_NCHITTEST hwnd=789566 fg=1 capture=0 cursor=953,473 rect=160,160,1375,864 wparam=0 lparam=30999481 detail=0
63059531 phase=nchittest-result msg=WM_NCHITTEST hwnd=789566 fg=1 capture=0 cursor=953,473 rect=160,160,1375,864 wparam=0 lparam=30999481 detail=1
63059546 phase=wndproc-enter msg=WM_NCHITTEST hwnd=789566 fg=1 capture=0 cursor=953,473 rect=160,160,1375,864 wparam=0 lparam=30999481 detail=0
63059546 phase=nchittest-result msg=WM_NCHITTEST hwnd=789566 fg=1 capture=0 cursor=953,473 rect=160,160,1375,864 wparam=0 lparam=30999481 detail=1
63062718 phase=wndproc-enter msg=WM_KILLFOCUS hwnd=789566 fg=1 capture=465224 cursor=1019,162 rect=160,160,1375,864 wparam=465224 lparam=0 detail=0
63062718 phase=start-drag-enter msg=other hwnd=789566 fg=1 capture=465224 cursor=1019,162 rect=160,160,1375,864 wparam=0 lparam=0 detail=0
63062718 phase=start-drag-before-foreground msg=other hwnd=789566 fg=1 capture=465224 cursor=1019,162 rect=160,160,1375,864 wparam=0 lparam=0 detail=0
63062718 phase=start-drag-before-send msg=WM_NCLBUTTONDOWN hwnd=789566 fg=1 capture=465224 cursor=1019,162 rect=160,160,1375,864 wparam=2 lparam=10617851 detail=0
63062718 phase=wndproc-enter msg=WM_NCLBUTTONDOWN hwnd=789566 fg=1 capture=0 cursor=1019,162 rect=160,160,1375,864 wparam=2 lparam=10617851 detail=0
63062890 phase=wndproc-enter msg=WM_CAPTURECHANGED hwnd=789566 fg=1 capture=0 cursor=1018,167 rect=160,160,1375,864 wparam=0 lparam=0 detail=0
63062890 phase=capture-changed msg=WM_CAPTURECHANGED hwnd=789566 fg=1 capture=0 cursor=1018,167 rect=160,160,1375,864 wparam=0 lparam=0 detail=0
63062890 phase=wndproc-enter msg=WM_ENTERSIZEMOVE hwnd=789566 fg=1 capture=0 cursor=1018,167 rect=160,160,1375,864 wparam=0 lparam=0 detail=0
63062890 phase=enter-size-move msg=WM_ENTERSIZEMOVE hwnd=789566 fg=1 capture=0 cursor=1018,167 rect=160,160,1375,864 wparam=0 lparam=0 detail=0
63063843 phase=wndproc-enter msg=WM_CAPTURECHANGED hwnd=789566 fg=1 capture=0 cursor=1081,200 rect=222,197,1437,901 wparam=0 lparam=0 detail=0
63063843 phase=capture-changed msg=WM_CAPTURECHANGED hwnd=789566 fg=1 capture=0 cursor=1081,200 rect=222,197,1437,901 wparam=0 lparam=0 detail=0
63063843 phase=wndproc-enter msg=WM_EXITSIZEMOVE hwnd=789566 fg=1 capture=0 cursor=1081,200 rect=222,197,1437,901 wparam=0 lparam=0 detail=0
63063843 phase=exit-size-move msg=WM_EXITSIZEMOVE hwnd=789566 fg=1 capture=0 cursor=1081,200 rect=222,197,1437,901 wparam=0 lparam=0 detail=0
63063843 phase=start-drag-after-send msg=WM_NCLBUTTONDOWN hwnd=789566 fg=1 capture=0 cursor=1081,200 rect=222,197,1437,901 wparam=2 lparam=10617851 detail=0
63064187 phase=start-drag-enter msg=other hwnd=789566 fg=1 capture=465224 cursor=1054,223 rect=222,197,1437,901 wparam=0 lparam=0 detail=0
63064187 phase=start-drag-before-foreground msg=other hwnd=789566 fg=1 capture=465224 cursor=1054,223 rect=222,197,1437,901 wparam=0 lparam=0 detail=0
63064187 phase=start-drag-before-send msg=WM_NCLBUTTONDOWN hwnd=789566 fg=1 capture=465224 cursor=1054,223 rect=222,197,1437,901 wparam=2 lparam=14615582 detail=0
63064187 phase=wndproc-enter msg=WM_NCLBUTTONDOWN hwnd=789566 fg=1 capture=0 cursor=1054,223 rect=222,197,1437,901 wparam=2 lparam=14615582 detail=0
63064203 phase=wndproc-enter msg=WM_CAPTURECHANGED hwnd=789566 fg=1 capture=0 cursor=1050,225 rect=222,197,1437,901 wparam=0 lparam=0 detail=0
63064203 phase=capture-changed msg=WM_CAPTURECHANGED hwnd=789566 fg=1 capture=0 cursor=1050,225 rect=222,197,1437,901 wparam=0 lparam=0 detail=0
63064203 phase=wndproc-enter msg=WM_ENTERSIZEMOVE hwnd=789566 fg=1 capture=0 cursor=1050,225 rect=222,197,1437,901 wparam=0 lparam=0 detail=0
63064203 phase=enter-size-move msg=WM_ENTERSIZEMOVE hwnd=789566 fg=1 capture=0 cursor=1050,225 rect=222,197,1437,901 wparam=0 lparam=0 detail=0
63064765 phase=wndproc-enter msg=WM_CAPTURECHANGED hwnd=789566 fg=1 capture=0 cursor=976,245 rect=143,218,1358,922 wparam=0 lparam=0 detail=0
63064765 phase=capture-changed msg=WM_CAPTURECHANGED hwnd=789566 fg=1 capture=0 cursor=976,245 rect=143,218,1358,922 wparam=0 lparam=0 detail=0
63064765 phase=wndproc-enter msg=WM_EXITSIZEMOVE hwnd=789566 fg=1 capture=0 cursor=975,245 rect=143,218,1358,922 wparam=0 lparam=0 detail=0
63064765 phase=exit-size-move msg=WM_EXITSIZEMOVE hwnd=789566 fg=1 capture=0 cursor=975,245 rect=143,218,1358,922 wparam=0 lparam=0 detail=0
63064765 phase=start-drag-after-send msg=WM_NCLBUTTONDOWN hwnd=789566 fg=1 capture=0 cursor=975,245 rect=143,218,1358,922 wparam=2 lparam=14615582 detail=0
63065093 phase=start-drag-enter msg=other hwnd=789566 fg=1 capture=465224 cursor=1007,257 rect=143,218,1358,922 wparam=0 lparam=0 detail=0
63065093 phase=start-drag-before-foreground msg=other hwnd=789566 fg=1 capture=465224 cursor=1007,257 rect=143,218,1358,922 wparam=0 lparam=0 detail=0
63065093 phase=start-drag-before-send msg=WM_NCLBUTTONDOWN hwnd=789566 fg=1 capture=465224 cursor=1007,257 rect=143,218,1358,922 wparam=2 lparam=16843759 detail=0
63065093 phase=wndproc-enter msg=WM_NCLBUTTONDOWN hwnd=789566 fg=1 capture=0 cursor=1007,257 rect=143,218,1358,922 wparam=2 lparam=16843759 detail=0
63065093 phase=wndproc-enter msg=WM_CAPTURECHANGED hwnd=789566 fg=1 capture=0 cursor=1011,255 rect=143,218,1358,922 wparam=0 lparam=0 detail=0
63065093 phase=capture-changed msg=WM_CAPTURECHANGED hwnd=789566 fg=1 capture=0 cursor=1011,255 rect=143,218,1358,922 wparam=0 lparam=0 detail=0
63065093 phase=wndproc-enter msg=WM_ENTERSIZEMOVE hwnd=789566 fg=1 capture=0 cursor=1011,255 rect=143,218,1358,922 wparam=0 lparam=0 detail=0
63065093 phase=enter-size-move msg=WM_ENTERSIZEMOVE hwnd=789566 fg=1 capture=0 cursor=1011,255 rect=143,218,1358,922 wparam=0 lparam=0 detail=0
63065703 phase=wndproc-enter msg=WM_CAPTURECHANGED hwnd=789566 fg=1 capture=0 cursor=1114,301 rect=265,258,1480,962 wparam=0 lparam=0 detail=0
63065703 phase=capture-changed msg=WM_CAPTURECHANGED hwnd=789566 fg=1 capture=0 cursor=1114,301 rect=265,258,1480,962 wparam=0 lparam=0 detail=0
63065703 phase=wndproc-enter msg=WM_EXITSIZEMOVE hwnd=789566 fg=1 capture=0 cursor=1114,301 rect=265,258,1480,962 wparam=0 lparam=0 detail=0
63065703 phase=exit-size-move msg=WM_EXITSIZEMOVE hwnd=789566 fg=1 capture=0 cursor=1114,301 rect=265,258,1480,962 wparam=0 lparam=0 detail=0
63065718 phase=start-drag-after-send msg=WM_NCLBUTTONDOWN hwnd=789566 fg=1 capture=0 cursor=1114,301 rect=265,258,1480,962 wparam=2 lparam=16843759 detail=0
63066015 phase=start-drag-enter msg=other hwnd=789566 fg=1 capture=465224 cursor=1147,287 rect=265,258,1480,962 wparam=0 lparam=0 detail=0
63066015 phase=start-drag-before-foreground msg=other hwnd=789566 fg=1 capture=465224 cursor=1147,287 rect=265,258,1480,962 wparam=0 lparam=0 detail=0
63066015 phase=start-drag-before-send msg=WM_NCLBUTTONDOWN hwnd=789566 fg=1 capture=465224 cursor=1147,287 rect=265,258,1480,962 wparam=2 lparam=18809979 detail=0
63066015 phase=wndproc-enter msg=WM_NCLBUTTONDOWN hwnd=789566 fg=1 capture=0 cursor=1147,287 rect=265,258,1480,962 wparam=2 lparam=18809979 detail=0
63066031 phase=wndproc-enter msg=WM_CAPTURECHANGED hwnd=789566 fg=1 capture=0 cursor=1143,288 rect=265,258,1480,962 wparam=0 lparam=0 detail=0
63066031 phase=capture-changed msg=WM_CAPTURECHANGED hwnd=789566 fg=1 capture=0 cursor=1143,288 rect=265,258,1480,962 wparam=0 lparam=0 detail=0
63066031 phase=wndproc-enter msg=WM_ENTERSIZEMOVE hwnd=789566 fg=1 capture=0 cursor=1143,288 rect=265,258,1480,962 wparam=0 lparam=0 detail=0
63066031 phase=enter-size-move msg=WM_ENTERSIZEMOVE hwnd=789566 fg=1 capture=0 cursor=1143,288 rect=265,258,1480,962 wparam=0 lparam=0 detail=0
63066546 phase=wndproc-enter msg=WM_CAPTURECHANGED hwnd=789566 fg=1 capture=0 cursor=1084,229 rect=201,200,1416,904 wparam=0 lparam=0 detail=0
63066562 phase=capture-changed msg=WM_CAPTURECHANGED hwnd=789566 fg=1 capture=0 cursor=1084,229 rect=201,200,1416,904 wparam=0 lparam=0 detail=0
63066562 phase=wndproc-enter msg=WM_EXITSIZEMOVE hwnd=789566 fg=1 capture=0 cursor=1084,229 rect=201,200,1416,904 wparam=0 lparam=0 detail=0
63066562 phase=exit-size-move msg=WM_EXITSIZEMOVE hwnd=789566 fg=1 capture=0 cursor=1084,229 rect=201,200,1416,904 wparam=0 lparam=0 detail=0
63066562 phase=start-drag-after-send msg=WM_NCLBUTTONDOWN hwnd=789566 fg=1 capture=0 cursor=1084,229 rect=201,200,1416,904 wparam=2 lparam=18809979 detail=0
63066921 phase=start-drag-enter msg=other hwnd=789566 fg=1 capture=465224 cursor=1148,215 rect=201,200,1416,904 wparam=0 lparam=0 detail=0
63066921 phase=start-drag-before-foreground msg=other hwnd=789566 fg=1 capture=465224 cursor=1148,215 rect=201,200,1416,904 wparam=0 lparam=0 detail=0
63066921 phase=start-drag-before-send msg=WM_NCLBUTTONDOWN hwnd=789566 fg=1 capture=465224 cursor=1148,215 rect=201,200,1416,904 wparam=2 lparam=14091388 detail=0
63066921 phase=wndproc-enter msg=WM_NCLBUTTONDOWN hwnd=789566 fg=1 capture=0 cursor=1148,215 rect=201,200,1416,904 wparam=2 lparam=14091388 detail=0
63066968 phase=wndproc-enter msg=WM_CAPTURECHANGED hwnd=789566 fg=1 capture=0 cursor=1152,215 rect=201,200,1416,904 wparam=0 lparam=0 detail=0
63066968 phase=capture-changed msg=WM_CAPTURECHANGED hwnd=789566 fg=1 capture=0 cursor=1152,215 rect=201,200,1416,904 wparam=0 lparam=0 detail=0
63066968 phase=wndproc-enter msg=WM_ENTERSIZEMOVE hwnd=789566 fg=1 capture=0 cursor=1152,215 rect=201,200,1416,904 wparam=0 lparam=0 detail=0
63066968 phase=enter-size-move msg=WM_ENTERSIZEMOVE hwnd=789566 fg=1 capture=0 cursor=1152,215 rect=201,200,1416,904 wparam=0 lparam=0 detail=0
63067984 phase=wndproc-enter msg=WM_CAPTURECHANGED hwnd=789566 fg=1 capture=0 cursor=1172,170 rect=225,155,1440,859 wparam=0 lparam=0 detail=0
63067984 phase=capture-changed msg=WM_CAPTURECHANGED hwnd=789566 fg=1 capture=0 cursor=1172,170 rect=225,155,1440,859 wparam=0 lparam=0 detail=0
63067984 phase=wndproc-enter msg=WM_EXITSIZEMOVE hwnd=789566 fg=1 capture=0 cursor=1172,170 rect=225,155,1440,859 wparam=0 lparam=0 detail=0
63067984 phase=exit-size-move msg=WM_EXITSIZEMOVE hwnd=789566 fg=1 capture=0 cursor=1172,170 rect=225,155,1440,859 wparam=0 lparam=0 detail=0
63067984 phase=start-drag-after-send msg=WM_NCLBUTTONDOWN hwnd=789566 fg=1 capture=0 cursor=1172,170 rect=225,155,1440,859 wparam=2 lparam=14091388 detail=0
63075437 phase=wndproc-enter msg=WM_ACTIVATE hwnd=789566 fg=0 capture=0 cursor=2332,979 rect=225,155,1440,859 wparam=0 lparam=0 detail=0
63076859 phase=wndproc-enter msg=WM_ACTIVATE hwnd=789566 fg=1 capture=0 cursor=1044,184 rect=225,155,1440,859 wparam=2 lparam=0 detail=0
63076859 phase=wndproc-enter msg=WM_SETFOCUS hwnd=789566 fg=1 capture=0 cursor=1044,184 rect=225,155,1440,859 wparam=0 lparam=0 detail=0
63076875 phase=wndproc-enter msg=WM_KILLFOCUS hwnd=789566 fg=1 capture=465224 cursor=1044,184 rect=225,155,1440,859 wparam=465224 lparam=0 detail=0
63076875 phase=start-drag-enter msg=other hwnd=789566 fg=1 capture=465224 cursor=1044,184 rect=225,155,1440,859 wparam=0 lparam=0 detail=0
63076875 phase=start-drag-before-foreground msg=other hwnd=789566 fg=1 capture=465224 cursor=1044,184 rect=225,155,1440,859 wparam=0 lparam=0 detail=0
63076875 phase=start-drag-before-send msg=WM_NCLBUTTONDOWN hwnd=789566 fg=1 capture=465224 cursor=1044,184 rect=225,155,1440,859 wparam=2 lparam=12059668 detail=0
63076875 phase=wndproc-enter msg=WM_NCLBUTTONDOWN hwnd=789566 fg=1 capture=0 cursor=1044,184 rect=225,155,1440,859 wparam=2 lparam=12059668 detail=0
63076875 phase=wndproc-enter msg=WM_CAPTURECHANGED hwnd=789566 fg=1 capture=0 cursor=1044,184 rect=225,155,1440,859 wparam=0 lparam=0 detail=0
63076875 phase=capture-changed msg=WM_CAPTURECHANGED hwnd=789566 fg=1 capture=0 cursor=1044,184 rect=225,155,1440,859 wparam=0 lparam=0 detail=0
63076875 phase=start-drag-after-send msg=WM_NCLBUTTONDOWN hwnd=789566 fg=1 capture=0 cursor=1044,184 rect=225,155,1440,859 wparam=2 lparam=12059668 detail=0
63078046 phase=wndproc-enter msg=WM_ACTIVATE hwnd=789566 fg=0 capture=0 cursor=2089,82 rect=225,155,1440,859 wparam=0 lparam=0 detail=0
63079250 phase=wndproc-enter msg=WM_ACTIVATE hwnd=789566 fg=1 capture=0 cursor=1063,170 rect=225,155,1440,859 wparam=2 lparam=0 detail=0
63079250 phase=wndproc-enter msg=WM_SETFOCUS hwnd=789566 fg=1 capture=0 cursor=1063,170 rect=225,155,1440,859 wparam=0 lparam=0 detail=0
63079265 phase=wndproc-enter msg=WM_KILLFOCUS hwnd=789566 fg=1 capture=465224 cursor=1063,170 rect=225,155,1440,859 wparam=465224 lparam=0 detail=0
63079265 phase=start-drag-enter msg=other hwnd=789566 fg=1 capture=465224 cursor=1063,170 rect=225,155,1440,859 wparam=0 lparam=0 detail=0
63079265 phase=start-drag-before-foreground msg=other hwnd=789566 fg=1 capture=465224 cursor=1063,170 rect=225,155,1440,859 wparam=0 lparam=0 detail=0
63079265 phase=start-drag-before-send msg=WM_NCLBUTTONDOWN hwnd=789566 fg=1 capture=465224 cursor=1063,170 rect=225,155,1440,859 wparam=2 lparam=11142183 detail=0
63079265 phase=wndproc-enter msg=WM_NCLBUTTONDOWN hwnd=789566 fg=1 capture=0 cursor=1063,170 rect=225,155,1440,859 wparam=2 lparam=11142183 detail=0
63079265 phase=wndproc-enter msg=WM_CAPTURECHANGED hwnd=789566 fg=1 capture=0 cursor=1063,170 rect=225,155,1440,859 wparam=0 lparam=0 detail=0
63079265 phase=capture-changed msg=WM_CAPTURECHANGED hwnd=789566 fg=1 capture=0 cursor=1063,170 rect=225,155,1440,859 wparam=0 lparam=0 detail=0
63079265 phase=start-drag-after-send msg=WM_NCLBUTTONDOWN hwnd=789566 fg=1 capture=0 cursor=1063,170 rect=225,155,1440,859 wparam=2 lparam=11142183 detail=0
63080500 phase=wndproc-enter msg=WM_ACTIVATE hwnd=789566 fg=0 capture=0 cursor=2019,62 rect=225,155,1440,859 wparam=0 lparam=0 detail=0
63081593 phase=wndproc-enter msg=WM_ACTIVATE hwnd=789566 fg=1 capture=0 cursor=2030,35 rect=225,155,1440,859 wparam=2 lparam=0 detail=0
63081593 phase=wndproc-enter msg=WM_SETFOCUS hwnd=789566 fg=1 capture=0 cursor=2030,35 rect=225,155,1440,859 wparam=0 lparam=0 detail=0
63081593 phase=wndproc-enter msg=WM_KILLFOCUS hwnd=789566 fg=1 capture=465224 cursor=2030,35 rect=225,155,1440,859 wparam=465224 lparam=0 detail=0
63081593 phase=start-drag-enter msg=other hwnd=789566 fg=1 capture=465224 cursor=2030,35 rect=225,155,1440,859 wparam=0 lparam=0 detail=0
63081609 phase=start-drag-before-foreground msg=other hwnd=789566 fg=1 capture=465224 cursor=2030,35 rect=225,155,1440,859 wparam=0 lparam=0 detail=0
63081609 phase=start-drag-before-send msg=WM_NCLBUTTONDOWN hwnd=789566 fg=1 capture=465224 cursor=2030,35 rect=225,155,1440,859 wparam=2 lparam=2295790 detail=0
63081609 phase=wndproc-enter msg=WM_NCLBUTTONDOWN hwnd=789566 fg=1 capture=0 cursor=2030,35 rect=225,155,1440,859 wparam=2 lparam=2295790 detail=0
63081609 phase=wndproc-enter msg=WM_CAPTURECHANGED hwnd=789566 fg=1 capture=0 cursor=2030,35 rect=225,155,1440,859 wparam=0 lparam=0 detail=0
63081609 phase=capture-changed msg=WM_CAPTURECHANGED hwnd=789566 fg=1 capture=0 cursor=2030,35 rect=225,155,1440,859 wparam=0 lparam=0 detail=0
63081609 phase=wndproc-enter msg=WM_ENTERSIZEMOVE hwnd=789566 fg=1 capture=0 cursor=2030,35 rect=225,155,1440,859 wparam=0 lparam=0 detail=0
63081609 phase=enter-size-move msg=WM_ENTERSIZEMOVE hwnd=789566 fg=1 capture=0 cursor=2030,35 rect=225,155,1440,859 wparam=0 lparam=0 detail=0
63081609 phase=wndproc-enter msg=WM_CAPTURECHANGED hwnd=789566 fg=1 capture=0 cursor=2030,35 rect=-681,289,534,993 wparam=0 lparam=0 detail=0
63081609 phase=capture-changed msg=WM_CAPTURECHANGED hwnd=789566 fg=1 capture=0 cursor=2030,35 rect=-681,289,534,993 wparam=0 lparam=0 detail=0
63081609 phase=wndproc-enter msg=WM_EXITSIZEMOVE hwnd=789566 fg=1 capture=0 cursor=2030,35 rect=-681,289,534,993 wparam=0 lparam=0 detail=0
63081609 phase=exit-size-move msg=WM_EXITSIZEMOVE hwnd=789566 fg=1 capture=0 cursor=2030,35 rect=-681,289,534,993 wparam=0 lparam=0 detail=0
63081609 phase=start-drag-after-send msg=WM_NCLBUTTONDOWN hwnd=789566 fg=1 capture=0 cursor=2030,35 rect=-681,289,534,993 wparam=2 lparam=2295790 detail=0
63083234 phase=start-drag-enter msg=other hwnd=789566 fg=1 capture=465224 cursor=348,309 rect=-681,289,534,993 wparam=0 lparam=0 detail=0
63083234 phase=start-drag-before-foreground msg=other hwnd=789566 fg=1 capture=465224 cursor=348,309 rect=-681,289,534,993 wparam=0 lparam=0 detail=0
63083234 phase=start-drag-before-send msg=WM_NCLBUTTONDOWN hwnd=789566 fg=1 capture=465224 cursor=348,309 rect=-681,289,534,993 wparam=2 lparam=20250972 detail=0
63083234 phase=wndproc-enter msg=WM_NCLBUTTONDOWN hwnd=789566 fg=1 capture=0 cursor=348,309 rect=-681,289,534,993 wparam=2 lparam=20250972 detail=0
63083234 phase=wndproc-enter msg=WM_CAPTURECHANGED hwnd=789566 fg=1 capture=0 cursor=348,308 rect=-681,289,534,993 wparam=0 lparam=0 detail=0
63083234 phase=capture-changed msg=WM_CAPTURECHANGED hwnd=789566 fg=1 capture=0 cursor=348,308 rect=-681,289,534,993 wparam=0 lparam=0 detail=0
63083234 phase=wndproc-enter msg=WM_ENTERSIZEMOVE hwnd=789566 fg=1 capture=0 cursor=348,308 rect=-681,289,534,993 wparam=0 lparam=0 detail=0
63083234 phase=enter-size-move msg=WM_ENTERSIZEMOVE hwnd=789566 fg=1 capture=0 cursor=348,308 rect=-681,289,534,993 wparam=0 lparam=0 detail=0
63083578 phase=wndproc-enter msg=WM_CAPTURECHANGED hwnd=789566 fg=1 capture=0 cursor=1293,227 rect=270,206,1485,910 wparam=0 lparam=0 detail=0
63083578 phase=capture-changed msg=WM_CAPTURECHANGED hwnd=789566 fg=1 capture=0 cursor=1293,227 rect=270,206,1485,910 wparam=0 lparam=0 detail=0
63083578 phase=wndproc-enter msg=WM_EXITSIZEMOVE hwnd=789566 fg=1 capture=0 cursor=1293,227 rect=270,206,1485,910 wparam=0 lparam=0 detail=0
63083578 phase=exit-size-move msg=WM_EXITSIZEMOVE hwnd=789566 fg=1 capture=0 cursor=1293,227 rect=270,206,1485,910 wparam=0 lparam=0 detail=0
63083578 phase=start-drag-after-send msg=WM_NCLBUTTONDOWN hwnd=789566 fg=1 capture=0 cursor=1293,227 rect=270,206,1485,910 wparam=2 lparam=20250972 detail=0
63084750 phase=wndproc-enter msg=WM_ACTIVATE hwnd=789566 fg=0 capture=0 cursor=2088,68 rect=270,206,1485,910 wparam=0 lparam=0 detail=0
63085703 phase=wndproc-enter msg=WM_ACTIVATE hwnd=789566 fg=1 capture=0 cursor=1167,231 rect=270,206,1485,910 wparam=2 lparam=0 detail=0
63085703 phase=wndproc-enter msg=WM_SETFOCUS hwnd=789566 fg=1 capture=0 cursor=1167,231 rect=270,206,1485,910 wparam=0 lparam=0 detail=0
63085718 phase=wndproc-enter msg=WM_KILLFOCUS hwnd=789566 fg=1 capture=465224 cursor=1167,231 rect=270,206,1485,910 wparam=465224 lparam=0 detail=0
63085718 phase=start-drag-enter msg=other hwnd=789566 fg=1 capture=465224 cursor=1167,231 rect=270,206,1485,910 wparam=0 lparam=0 detail=0
63085718 phase=start-drag-before-foreground msg=other hwnd=789566 fg=1 capture=465224 cursor=1167,231 rect=270,206,1485,910 wparam=0 lparam=0 detail=0
63085718 phase=start-drag-before-send msg=WM_NCLBUTTONDOWN hwnd=789566 fg=1 capture=465224 cursor=1167,231 rect=270,206,1485,910 wparam=2 lparam=15139983 detail=0
63085718 phase=wndproc-enter msg=WM_NCLBUTTONDOWN hwnd=789566 fg=1 capture=0 cursor=1167,231 rect=270,206,1485,910 wparam=2 lparam=15139983 detail=0
63085718 phase=wndproc-enter msg=WM_CAPTURECHANGED hwnd=789566 fg=1 capture=0 cursor=1167,231 rect=270,206,1485,910 wparam=0 lparam=0 detail=0
63085718 phase=capture-changed msg=WM_CAPTURECHANGED hwnd=789566 fg=1 capture=0 cursor=1167,231 rect=270,206,1485,910 wparam=0 lparam=0 detail=0
63085718 phase=start-drag-after-send msg=WM_NCLBUTTONDOWN hwnd=789566 fg=1 capture=0 cursor=1167,231 rect=270,206,1485,910 wparam=2 lparam=15139983 detail=0
63086625 phase=wndproc-enter msg=WM_ACTIVATE hwnd=789566 fg=0 capture=0 cursor=2029,103 rect=270,206,1485,910 wparam=0 lparam=0 detail=0
63087828 phase=wndproc-enter msg=WM_ACTIVATE hwnd=789566 fg=1 capture=0 cursor=1153,235 rect=270,206,1485,910 wparam=2 lparam=0 detail=0
63087828 phase=wndproc-enter msg=WM_SETFOCUS hwnd=789566 fg=1 capture=0 cursor=1153,235 rect=270,206,1485,910 wparam=0 lparam=0 detail=0
63087828 phase=wndproc-enter msg=WM_KILLFOCUS hwnd=789566 fg=1 capture=465224 cursor=1153,235 rect=270,206,1485,910 wparam=465224 lparam=0 detail=0
63087828 phase=start-drag-enter msg=other hwnd=789566 fg=1 capture=465224 cursor=1153,235 rect=270,206,1485,910 wparam=0 lparam=0 detail=0
63087828 phase=start-drag-before-foreground msg=other hwnd=789566 fg=1 capture=465224 cursor=1153,235 rect=270,206,1485,910 wparam=0 lparam=0 detail=0
63087828 phase=start-drag-before-send msg=WM_NCLBUTTONDOWN hwnd=789566 fg=1 capture=465224 cursor=1153,235 rect=270,206,1485,910 wparam=2 lparam=15402113 detail=0
63087828 phase=wndproc-enter msg=WM_NCLBUTTONDOWN hwnd=789566 fg=1 capture=0 cursor=1153,235 rect=270,206,1485,910 wparam=2 lparam=15402113 detail=0
63087843 phase=wndproc-enter msg=WM_CAPTURECHANGED hwnd=789566 fg=1 capture=0 cursor=1153,235 rect=270,206,1485,910 wparam=0 lparam=0 detail=0
63087843 phase=capture-changed msg=WM_CAPTURECHANGED hwnd=789566 fg=1 capture=0 cursor=1153,235 rect=270,206,1485,910 wparam=0 lparam=0 detail=0
63087843 phase=start-drag-after-send msg=WM_NCLBUTTONDOWN hwnd=789566 fg=1 capture=0 cursor=1153,235 rect=270,206,1485,910 wparam=2 lparam=15402113 detail=0
63088515 phase=wndproc-enter msg=WM_ACTIVATE hwnd=789566 fg=0 capture=0 cursor=2040,62 rect=270,206,1485,910 wparam=0 lparam=0 detail=0
63089625 phase=wndproc-enter msg=WM_ACTIVATE hwnd=789566 fg=1 capture=0 cursor=1347,459 rect=270,206,1485,910 wparam=2 lparam=0 detail=0
63089625 phase=wndproc-enter msg=WM_SETFOCUS hwnd=789566 fg=1 capture=0 cursor=1347,459 rect=270,206,1485,910 wparam=0 lparam=0 detail=0
63089640 phase=wndproc-enter msg=WM_KILLFOCUS hwnd=789566 fg=1 capture=465224 cursor=1348,460 rect=270,206,1485,910 wparam=465224 lparam=0 detail=0
63089640 phase=start-drag-enter msg=other hwnd=789566 fg=1 capture=465224 cursor=1348,460 rect=270,206,1485,910 wparam=0 lparam=0 detail=0
63089640 phase=start-drag-before-foreground msg=other hwnd=789566 fg=1 capture=465224 cursor=1349,461 rect=270,206,1485,910 wparam=0 lparam=0 detail=0
63089640 phase=start-drag-before-send msg=WM_NCLBUTTONDOWN hwnd=789566 fg=1 capture=465224 cursor=1349,461 rect=270,206,1485,910 wparam=2 lparam=30213445 detail=0
63089640 phase=wndproc-enter msg=WM_NCLBUTTONDOWN hwnd=789566 fg=1 capture=0 cursor=1349,461 rect=270,206,1485,910 wparam=2 lparam=30213445 detail=0
63089656 phase=wndproc-enter msg=WM_CAPTURECHANGED hwnd=789566 fg=1 capture=0 cursor=1351,464 rect=270,206,1485,910 wparam=0 lparam=0 detail=0
63089656 phase=capture-changed msg=WM_CAPTURECHANGED hwnd=789566 fg=1 capture=0 cursor=1351,464 rect=270,206,1485,910 wparam=0 lparam=0 detail=0
63089656 phase=wndproc-enter msg=WM_ENTERSIZEMOVE hwnd=789566 fg=1 capture=0 cursor=1351,464 rect=270,206,1485,910 wparam=0 lparam=0 detail=0
63089656 phase=enter-size-move msg=WM_ENTERSIZEMOVE hwnd=789566 fg=1 capture=0 cursor=1351,464 rect=270,206,1485,910 wparam=0 lparam=0 detail=0
63090062 phase=wndproc-enter msg=WM_CAPTURECHANGED hwnd=789566 fg=1 capture=0 cursor=1552,511 rect=474,257,1689,961 wparam=0 lparam=0 detail=0
63090062 phase=capture-changed msg=WM_CAPTURECHANGED hwnd=789566 fg=1 capture=0 cursor=1552,511 rect=474,257,1689,961 wparam=0 lparam=0 detail=0
63090062 phase=wndproc-enter msg=WM_EXITSIZEMOVE hwnd=789566 fg=1 capture=0 cursor=1552,511 rect=474,257,1689,961 wparam=0 lparam=0 detail=0
63090062 phase=exit-size-move msg=WM_EXITSIZEMOVE hwnd=789566 fg=1 capture=0 cursor=1552,511 rect=474,257,1689,961 wparam=0 lparam=0 detail=0
63090062 phase=start-drag-after-send msg=WM_NCLBUTTONDOWN hwnd=789566 fg=1 capture=0 cursor=1552,511 rect=474,257,1689,961 wparam=2 lparam=30213445 detail=0
63090578 phase=wndproc-enter msg=WM_ACTIVATE hwnd=789566 fg=0 capture=0 cursor=1976,53 rect=474,257,1689,961 wparam=0 lparam=0 detail=0
63091625 phase=wndproc-enter msg=WM_ACTIVATE hwnd=789566 fg=1 capture=0 cursor=893,673 rect=474,257,1689,961 wparam=2 lparam=0 detail=0
63091625 phase=wndproc-enter msg=WM_SETFOCUS hwnd=789566 fg=1 capture=0 cursor=892,676 rect=474,257,1689,961 wparam=0 lparam=0 detail=0
63091640 phase=wndproc-enter msg=WM_KILLFOCUS hwnd=789566 fg=1 capture=465224 cursor=890,682 rect=474,257,1689,961 wparam=465224 lparam=0 detail=0
63091640 phase=start-drag-enter msg=other hwnd=789566 fg=1 capture=465224 cursor=890,682 rect=474,257,1689,961 wparam=0 lparam=0 detail=0
63091640 phase=start-drag-before-foreground msg=other hwnd=789566 fg=1 capture=465224 cursor=890,683 rect=474,257,1689,961 wparam=0 lparam=0 detail=0
63091640 phase=start-drag-before-send msg=WM_NCLBUTTONDOWN hwnd=789566 fg=1 capture=465224 cursor=890,683 rect=474,257,1689,961 wparam=2 lparam=44761978 detail=0
63091640 phase=wndproc-enter msg=WM_NCLBUTTONDOWN hwnd=789566 fg=1 capture=0 cursor=890,683 rect=474,257,1689,961 wparam=2 lparam=44761978 detail=0
63091640 phase=wndproc-enter msg=WM_CAPTURECHANGED hwnd=789566 fg=1 capture=0 cursor=889,688 rect=474,257,1689,961 wparam=0 lparam=0 detail=0
63091640 phase=capture-changed msg=WM_CAPTURECHANGED hwnd=789566 fg=1 capture=0 cursor=889,688 rect=474,257,1689,961 wparam=0 lparam=0 detail=0
63091640 phase=wndproc-enter msg=WM_ENTERSIZEMOVE hwnd=789566 fg=1 capture=0 cursor=889,688 rect=474,257,1689,961 wparam=0 lparam=0 detail=0
63091640 phase=enter-size-move msg=WM_ENTERSIZEMOVE hwnd=789566 fg=1 capture=0 cursor=889,688 rect=474,257,1689,961 wparam=0 lparam=0 detail=0
63092296 phase=wndproc-enter msg=WM_CAPTURECHANGED hwnd=789566 fg=1 capture=0 cursor=810,597 rect=393,174,1608,878 wparam=0 lparam=0 detail=0
63092296 phase=capture-changed msg=WM_CAPTURECHANGED hwnd=789566 fg=1 capture=0 cursor=810,597 rect=393,174,1608,878 wparam=0 lparam=0 detail=0
63092296 phase=wndproc-enter msg=WM_EXITSIZEMOVE hwnd=789566 fg=1 capture=0 cursor=810,597 rect=393,174,1608,878 wparam=0 lparam=0 detail=0
63092296 phase=exit-size-move msg=WM_EXITSIZEMOVE hwnd=789566 fg=1 capture=0 cursor=810,597 rect=393,174,1608,878 wparam=0 lparam=0 detail=0
63092296 phase=start-drag-after-send msg=WM_NCLBUTTONDOWN hwnd=789566 fg=1 capture=0 cursor=810,597 rect=393,174,1608,878 wparam=2 lparam=44761978 detail=0
63093234 phase=wndproc-enter msg=WM_ACTIVATE hwnd=789566 fg=0 capture=0 cursor=2102,74 rect=393,174,1608,878 wparam=0 lparam=0 detail=0
63094281 phase=wndproc-enter msg=WM_ACTIVATE hwnd=789566 fg=1 capture=0 cursor=1184,489 rect=393,174,1608,878 wparam=2 lparam=0 detail=0
63094281 phase=wndproc-enter msg=WM_SETFOCUS hwnd=789566 fg=1 capture=0 cursor=1179,491 rect=393,174,1608,878 wparam=0 lparam=0 detail=0
63094296 phase=wndproc-enter msg=WM_KILLFOCUS hwnd=789566 fg=1 capture=465224 cursor=1169,493 rect=393,174,1608,878 wparam=465224 lparam=0 detail=0
63094296 phase=start-drag-enter msg=other hwnd=789566 fg=1 capture=465224 cursor=1169,493 rect=393,174,1608,878 wparam=0 lparam=0 detail=0
63094296 phase=start-drag-before-foreground msg=other hwnd=789566 fg=1 capture=465224 cursor=1167,493 rect=393,174,1608,878 wparam=0 lparam=0 detail=0
63094296 phase=start-drag-before-send msg=WM_NCLBUTTONDOWN hwnd=789566 fg=1 capture=465224 cursor=1167,493 rect=393,174,1608,878 wparam=2 lparam=32310415 detail=0
63094296 phase=wndproc-enter msg=WM_NCLBUTTONDOWN hwnd=789566 fg=1 capture=0 cursor=1167,493 rect=393,174,1608,878 wparam=2 lparam=32310415 detail=0
63094312 phase=wndproc-enter msg=WM_CAPTURECHANGED hwnd=789566 fg=1 capture=0 cursor=1152,496 rect=393,174,1608,878 wparam=0 lparam=0 detail=0
63094312 phase=capture-changed msg=WM_CAPTURECHANGED hwnd=789566 fg=1 capture=0 cursor=1150,496 rect=393,174,1608,878 wparam=0 lparam=0 detail=0
63094312 phase=wndproc-enter msg=WM_ENTERSIZEMOVE hwnd=789566 fg=1 capture=0 cursor=1150,496 rect=393,174,1608,878 wparam=0 lparam=0 detail=0
63094312 phase=enter-size-move msg=WM_ENTERSIZEMOVE hwnd=789566 fg=1 capture=0 cursor=1150,496 rect=393,174,1608,878 wparam=0 lparam=0 detail=0
63095000 phase=wndproc-enter msg=WM_CAPTURECHANGED hwnd=789566 fg=1 capture=0 cursor=1164,561 rect=383,243,1598,947 wparam=0 lparam=0 detail=0
63095000 phase=capture-changed msg=WM_CAPTURECHANGED hwnd=789566 fg=1 capture=0 cursor=1164,561 rect=383,243,1598,947 wparam=0 lparam=0 detail=0
63095000 phase=wndproc-enter msg=WM_EXITSIZEMOVE hwnd=789566 fg=1 capture=0 cursor=1164,561 rect=383,243,1598,947 wparam=0 lparam=0 detail=0
63095000 phase=exit-size-move msg=WM_EXITSIZEMOVE hwnd=789566 fg=1 capture=0 cursor=1164,561 rect=383,243,1598,947 wparam=0 lparam=0 detail=0
63095000 phase=start-drag-after-send msg=WM_NCLBUTTONDOWN hwnd=789566 fg=1 capture=0 cursor=1164,561 rect=383,243,1598,947 wparam=2 lparam=32310415 detail=0
63095703 phase=wndproc-enter msg=WM_ACTIVATE hwnd=789566 fg=0 capture=0 cursor=2045,93 rect=383,243,1598,947 wparam=0 lparam=0 detail=0
63096671 phase=wndproc-enter msg=WM_ACTIVATE hwnd=789566 fg=1 capture=0 cursor=1567,549 rect=383,243,1598,947 wparam=2 lparam=0 detail=0
63096671 phase=wndproc-enter msg=WM_SETFOCUS hwnd=789566 fg=1 capture=0 cursor=1565,551 rect=383,243,1598,947 wparam=0 lparam=0 detail=0
63096687 phase=wndproc-enter msg=WM_KILLFOCUS hwnd=789566 fg=1 capture=465224 cursor=1553,561 rect=383,243,1598,947 wparam=465224 lparam=0 detail=0
63096687 phase=start-drag-enter msg=other hwnd=789566 fg=1 capture=465224 cursor=1551,563 rect=383,243,1598,947 wparam=0 lparam=0 detail=0
63096687 phase=start-drag-before-foreground msg=other hwnd=789566 fg=1 capture=465224 cursor=1551,563 rect=383,243,1598,947 wparam=0 lparam=0 detail=0
63096687 phase=start-drag-before-send msg=WM_NCLBUTTONDOWN hwnd=789566 fg=1 capture=465224 cursor=1549,564 rect=383,243,1598,947 wparam=2 lparam=36898319 detail=0
63096687 phase=wndproc-enter msg=WM_NCLBUTTONDOWN hwnd=789566 fg=1 capture=0 cursor=1549,564 rect=383,243,1598,947 wparam=2 lparam=36898319 detail=0
63096687 phase=wndproc-enter msg=WM_CAPTURECHANGED hwnd=789566 fg=1 capture=0 cursor=1537,572 rect=383,243,1598,947 wparam=0 lparam=0 detail=0
63096687 phase=capture-changed msg=WM_CAPTURECHANGED hwnd=789566 fg=1 capture=0 cursor=1535,573 rect=383,243,1598,947 wparam=0 lparam=0 detail=0
63096687 phase=wndproc-enter msg=WM_ENTERSIZEMOVE hwnd=789566 fg=1 capture=0 cursor=1535,573 rect=383,243,1598,947 wparam=0 lparam=0 detail=0
63096687 phase=enter-size-move msg=WM_ENTERSIZEMOVE hwnd=789566 fg=1 capture=0 cursor=1535,573 rect=383,243,1598,947 wparam=0 lparam=0 detail=0
63097281 phase=wndproc-enter msg=WM_CAPTURECHANGED hwnd=789566 fg=1 capture=0 cursor=1439,476 rect=263,162,1478,866 wparam=0 lparam=0 detail=0
63097281 phase=capture-changed msg=WM_CAPTURECHANGED hwnd=789566 fg=1 capture=0 cursor=1439,476 rect=263,162,1478,866 wparam=0 lparam=0 detail=0
63097281 phase=wndproc-enter msg=WM_EXITSIZEMOVE hwnd=789566 fg=1 capture=0 cursor=1439,476 rect=263,162,1478,866 wparam=0 lparam=0 detail=0
63097281 phase=exit-size-move msg=WM_EXITSIZEMOVE hwnd=789566 fg=1 capture=0 cursor=1439,476 rect=263,162,1478,866 wparam=0 lparam=0 detail=0
63097281 phase=start-drag-after-send msg=WM_NCLBUTTONDOWN hwnd=789566 fg=1 capture=0 cursor=1439,476 rect=263,162,1478,866 wparam=2 lparam=36898319 detail=0
63098046 phase=wndproc-enter msg=WM_ACTIVATE hwnd=789566 fg=0 capture=0 cursor=2040,36 rect=263,162,1478,866 wparam=0 lparam=0 detail=0
63099031 phase=wndproc-enter msg=WM_ACTIVATE hwnd=789566 fg=1 capture=0 cursor=1530,559 rect=263,162,1478,866 wparam=2 lparam=0 detail=0
63099031 phase=wndproc-enter msg=WM_SETFOCUS hwnd=789566 fg=1 capture=0 cursor=1529,560 rect=263,162,1478,866 wparam=0 lparam=0 detail=0
63099046 phase=wndproc-enter msg=WM_KILLFOCUS hwnd=789566 fg=1 capture=465224 cursor=1527,566 rect=263,162,1478,866 wparam=465224 lparam=0 detail=0
63099046 phase=start-drag-enter msg=other hwnd=789566 fg=1 capture=465224 cursor=1527,567 rect=263,162,1478,866 wparam=0 lparam=0 detail=0
63099046 phase=start-drag-before-foreground msg=other hwnd=789566 fg=1 capture=465224 cursor=1527,567 rect=263,162,1478,866 wparam=0 lparam=0 detail=0
63099046 phase=start-drag-before-send msg=WM_NCLBUTTONDOWN hwnd=789566 fg=1 capture=465224 cursor=1527,567 rect=263,162,1478,866 wparam=2 lparam=37160439 detail=0
63099046 phase=wndproc-enter msg=WM_NCLBUTTONDOWN hwnd=789566 fg=1 capture=0 cursor=1527,567 rect=263,162,1478,866 wparam=2 lparam=37160439 detail=0
63099046 phase=wndproc-enter msg=WM_CAPTURECHANGED hwnd=789566 fg=1 capture=0 cursor=1524,575 rect=263,162,1478,866 wparam=0 lparam=0 detail=0
63099046 phase=capture-changed msg=WM_CAPTURECHANGED hwnd=789566 fg=1 capture=0 cursor=1524,575 rect=263,162,1478,866 wparam=0 lparam=0 detail=0
63099046 phase=wndproc-enter msg=WM_ENTERSIZEMOVE hwnd=789566 fg=1 capture=0 cursor=1524,575 rect=263,162,1478,866 wparam=0 lparam=0 detail=0
63099046 phase=enter-size-move msg=WM_ENTERSIZEMOVE hwnd=789566 fg=1 capture=0 cursor=1523,576 rect=263,162,1478,866 wparam=0 lparam=0 detail=0
63099921 phase=wndproc-enter msg=WM_CAPTURECHANGED hwnd=789566 fg=1 capture=0 cursor=1636,456 rect=371,55,1586,759 wparam=0 lparam=0 detail=0
63099921 phase=capture-changed msg=WM_CAPTURECHANGED hwnd=789566 fg=1 capture=0 cursor=1636,456 rect=371,55,1586,759 wparam=0 lparam=0 detail=0
63099921 phase=wndproc-enter msg=WM_EXITSIZEMOVE hwnd=789566 fg=1 capture=0 cursor=1636,456 rect=371,55,1586,759 wparam=0 lparam=0 detail=0
63099921 phase=exit-size-move msg=WM_EXITSIZEMOVE hwnd=789566 fg=1 capture=0 cursor=1636,456 rect=371,55,1586,759 wparam=0 lparam=0 detail=0
63099921 phase=start-drag-after-send msg=WM_NCLBUTTONDOWN hwnd=789566 fg=1 capture=0 cursor=1636,456 rect=371,55,1586,759 wparam=2 lparam=37160439 detail=0
63100453 phase=wndproc-enter msg=WM_ACTIVATE hwnd=789566 fg=0 capture=0 cursor=2102,58 rect=371,55,1586,759 wparam=0 lparam=0 detail=0
63101500 phase=wndproc-enter msg=WM_ACTIVATE hwnd=789566 fg=1 capture=0 cursor=1756,573 rect=371,55,1586,759 wparam=2 lparam=0 detail=0
63101500 phase=wndproc-enter msg=WM_SETFOCUS hwnd=789566 fg=1 capture=0 cursor=1756,574 rect=371,55,1586,759 wparam=0 lparam=0 detail=0
63101515 phase=wndproc-enter msg=WM_KILLFOCUS hwnd=789566 fg=1 capture=465224 cursor=1756,579 rect=371,55,1586,759 wparam=465224 lparam=0 detail=0
63101515 phase=start-drag-enter msg=other hwnd=789566 fg=1 capture=465224 cursor=1756,579 rect=371,55,1586,759 wparam=0 lparam=0 detail=0
63101515 phase=start-drag-before-foreground msg=other hwnd=789566 fg=1 capture=465224 cursor=1756,579 rect=371,55,1586,759 wparam=0 lparam=0 detail=0
63101515 phase=start-drag-before-send msg=WM_NCLBUTTONDOWN hwnd=789566 fg=1 capture=465224 cursor=1756,579 rect=371,55,1586,759 wparam=2 lparam=37947100 detail=0
63101515 phase=wndproc-enter msg=WM_NCLBUTTONDOWN hwnd=789566 fg=1 capture=0 cursor=1756,579 rect=371,55,1586,759 wparam=2 lparam=37947100 detail=0
63101515 phase=wndproc-enter msg=WM_CAPTURECHANGED hwnd=789566 fg=1 capture=0 cursor=1756,585 rect=371,55,1586,759 wparam=0 lparam=0 detail=0
63101515 phase=capture-changed msg=WM_CAPTURECHANGED hwnd=789566 fg=1 capture=0 cursor=1756,585 rect=371,55,1586,759 wparam=0 lparam=0 detail=0
63101515 phase=wndproc-enter msg=WM_ENTERSIZEMOVE hwnd=789566 fg=1 capture=0 cursor=1756,585 rect=371,55,1586,759 wparam=0 lparam=0 detail=0
63101515 phase=enter-size-move msg=WM_ENTERSIZEMOVE hwnd=789566 fg=1 capture=0 cursor=1756,585 rect=371,55,1586,759 wparam=0 lparam=0 detail=0
63102109 phase=wndproc-enter msg=WM_CAPTURECHANGED hwnd=789566 fg=1 capture=0 cursor=1633,549 rect=248,27,1463,731 wparam=0 lparam=0 detail=0
63102109 phase=capture-changed msg=WM_CAPTURECHANGED hwnd=789566 fg=1 capture=0 cursor=1633,549 rect=248,27,1463,731 wparam=0 lparam=0 detail=0
63102109 phase=wndproc-enter msg=WM_EXITSIZEMOVE hwnd=789566 fg=1 capture=0 cursor=1633,549 rect=248,27,1463,731 wparam=0 lparam=0 detail=0
63102109 phase=exit-size-move msg=WM_EXITSIZEMOVE hwnd=789566 fg=1 capture=0 cursor=1633,549 rect=248,27,1463,731 wparam=0 lparam=0 detail=0
63102125 phase=start-drag-after-send msg=WM_NCLBUTTONDOWN hwnd=789566 fg=1 capture=0 cursor=1633,549 rect=248,27,1463,731 wparam=2 lparam=37947100 detail=0
63102640 phase=wndproc-enter msg=WM_ACTIVATE hwnd=789566 fg=0 capture=0 cursor=2184,49 rect=248,27,1463,731 wparam=0 lparam=0 detail=0
63103734 phase=wndproc-enter msg=WM_ACTIVATE hwnd=789566 fg=1 capture=0 cursor=1574,538 rect=248,27,1463,731 wparam=2 lparam=0 detail=0
63103734 phase=wndproc-enter msg=WM_SETFOCUS hwnd=789566 fg=1 capture=0 cursor=1574,539 rect=248,27,1463,731 wparam=0 lparam=0 detail=0
63103750 phase=wndproc-enter msg=WM_KILLFOCUS hwnd=789566 fg=1 capture=465224 cursor=1572,542 rect=248,27,1463,731 wparam=465224 lparam=0 detail=0
63103750 phase=start-drag-enter msg=other hwnd=789566 fg=1 capture=465224 cursor=1572,542 rect=248,27,1463,731 wparam=0 lparam=0 detail=0
63103750 phase=start-drag-before-foreground msg=other hwnd=789566 fg=1 capture=465224 cursor=1571,542 rect=248,27,1463,731 wparam=0 lparam=0 detail=0
63103750 phase=start-drag-before-send msg=WM_NCLBUTTONDOWN hwnd=789566 fg=1 capture=465224 cursor=1571,542 rect=248,27,1463,731 wparam=2 lparam=35522083 detail=0
63103750 phase=wndproc-enter msg=WM_NCLBUTTONDOWN hwnd=789566 fg=1 capture=0 cursor=1571,542 rect=248,27,1463,731 wparam=2 lparam=35522083 detail=0
63103750 phase=wndproc-enter msg=WM_CAPTURECHANGED hwnd=789566 fg=1 capture=0 cursor=1568,545 rect=248,27,1463,731 wparam=0 lparam=0 detail=0
63103750 phase=capture-changed msg=WM_CAPTURECHANGED hwnd=789566 fg=1 capture=0 cursor=1568,545 rect=248,27,1463,731 wparam=0 lparam=0 detail=0
63103750 phase=wndproc-enter msg=WM_ENTERSIZEMOVE hwnd=789566 fg=1 capture=0 cursor=1567,545 rect=248,27,1463,731 wparam=0 lparam=0 detail=0
63103750 phase=enter-size-move msg=WM_ENTERSIZEMOVE hwnd=789566 fg=1 capture=0 cursor=1567,545 rect=248,27,1463,731 wparam=0 lparam=0 detail=0
63104437 phase=wndproc-enter msg=WM_CAPTURECHANGED hwnd=789566 fg=1 capture=0 cursor=1717,746 rect=392,233,1607,937 wparam=0 lparam=0 detail=0
63104437 phase=capture-changed msg=WM_CAPTURECHANGED hwnd=789566 fg=1 capture=0 cursor=1717,746 rect=392,233,1607,937 wparam=0 lparam=0 detail=0
63104437 phase=wndproc-enter msg=WM_EXITSIZEMOVE hwnd=789566 fg=1 capture=0 cursor=1717,746 rect=392,233,1607,937 wparam=0 lparam=0 detail=0
63104437 phase=exit-size-move msg=WM_EXITSIZEMOVE hwnd=789566 fg=1 capture=0 cursor=1717,746 rect=392,233,1607,937 wparam=0 lparam=0 detail=0
63104437 phase=start-drag-after-send msg=WM_NCLBUTTONDOWN hwnd=789566 fg=1 capture=0 cursor=1717,746 rect=392,233,1607,937 wparam=2 lparam=35522083 detail=0
63105140 phase=wndproc-enter msg=WM_ACTIVATE hwnd=789566 fg=0 capture=0 cursor=2010,50 rect=392,233,1607,937 wparam=0 lparam=0 detail=0
63106140 phase=wndproc-enter msg=WM_ACTIVATE hwnd=789566 fg=1 capture=0 cursor=1785,499 rect=392,233,1607,937 wparam=2 lparam=0 detail=0
63106140 phase=wndproc-enter msg=WM_SETFOCUS hwnd=789566 fg=1 capture=0 cursor=1785,502 rect=392,233,1607,937 wparam=0 lparam=0 detail=0
63106156 phase=wndproc-enter msg=WM_KILLFOCUS hwnd=789566 fg=1 capture=465224 cursor=1783,510 rect=392,233,1607,937 wparam=465224 lparam=0 detail=0
63106156 phase=start-drag-enter msg=other hwnd=789566 fg=1 capture=465224 cursor=1783,511 rect=392,233,1607,937 wparam=0 lparam=0 detail=0
63106156 phase=start-drag-before-foreground msg=other hwnd=789566 fg=1 capture=465224 cursor=1783,511 rect=392,233,1607,937 wparam=0 lparam=0 detail=0
63106156 phase=start-drag-before-send msg=WM_NCLBUTTONDOWN hwnd=789566 fg=1 capture=465224 cursor=1783,511 rect=392,233,1607,937 wparam=2 lparam=33490679 detail=0
63106156 phase=wndproc-enter msg=WM_NCLBUTTONDOWN hwnd=789566 fg=1 capture=0 cursor=1783,512 rect=392,233,1607,937 wparam=2 lparam=33490679 detail=0
63106156 phase=wndproc-enter msg=WM_CAPTURECHANGED hwnd=789566 fg=1 capture=0 cursor=1780,519 rect=392,233,1607,937 wparam=0 lparam=0 detail=0
63106156 phase=capture-changed msg=WM_CAPTURECHANGED hwnd=789566 fg=1 capture=0 cursor=1780,519 rect=392,233,1607,937 wparam=0 lparam=0 detail=0
63106156 phase=wndproc-enter msg=WM_ENTERSIZEMOVE hwnd=789566 fg=1 capture=0 cursor=1780,519 rect=392,233,1607,937 wparam=0 lparam=0 detail=0
63106156 phase=enter-size-move msg=WM_ENTERSIZEMOVE hwnd=789566 fg=1 capture=0 cursor=1780,521 rect=392,233,1607,937 wparam=0 lparam=0 detail=0
63106968 phase=wndproc-enter msg=WM_CAPTURECHANGED hwnd=789566 fg=1 capture=0 cursor=1558,396 rect=165,123,1380,827 wparam=0 lparam=0 detail=0
63106968 phase=capture-changed msg=WM_CAPTURECHANGED hwnd=789566 fg=1 capture=0 cursor=1558,396 rect=165,123,1380,827 wparam=0 lparam=0 detail=0
63106968 phase=wndproc-enter msg=WM_EXITSIZEMOVE hwnd=789566 fg=1 capture=0 cursor=1558,396 rect=165,123,1380,827 wparam=0 lparam=0 detail=0
63106968 phase=exit-size-move msg=WM_EXITSIZEMOVE hwnd=789566 fg=1 capture=0 cursor=1558,396 rect=165,123,1380,827 wparam=0 lparam=0 detail=0
63106968 phase=start-drag-after-send msg=WM_NCLBUTTONDOWN hwnd=789566 fg=1 capture=0 cursor=1558,396 rect=165,123,1380,827 wparam=2 lparam=33490679 detail=0
63107640 phase=wndproc-enter msg=WM_ACTIVATE hwnd=789566 fg=0 capture=0 cursor=2057,56 rect=165,123,1380,827 wparam=0 lparam=0 detail=0
63108546 phase=wndproc-enter msg=WM_ACTIVATE hwnd=789566 fg=1 capture=0 cursor=1497,567 rect=165,123,1380,827 wparam=2 lparam=0 detail=0
63108546 phase=wndproc-enter msg=WM_SETFOCUS hwnd=789566 fg=1 capture=0 cursor=1494,569 rect=165,123,1380,827 wparam=0 lparam=0 detail=0
63108562 phase=wndproc-enter msg=WM_KILLFOCUS hwnd=789566 fg=1 capture=465224 cursor=1483,575 rect=165,123,1380,827 wparam=465224 lparam=0 detail=0
63108562 phase=start-drag-enter msg=other hwnd=789566 fg=1 capture=465224 cursor=1483,575 rect=165,123,1380,827 wparam=0 lparam=0 detail=0
63108562 phase=start-drag-before-foreground msg=other hwnd=789566 fg=1 capture=465224 cursor=1483,575 rect=165,123,1380,827 wparam=0 lparam=0 detail=0
63108562 phase=start-drag-before-send msg=WM_NCLBUTTONDOWN hwnd=789566 fg=1 capture=465224 cursor=1481,575 rect=165,123,1380,827 wparam=2 lparam=37684683 detail=0
63108562 phase=wndproc-enter msg=WM_NCLBUTTONDOWN hwnd=789566 fg=1 capture=0 cursor=1481,575 rect=165,123,1380,827 wparam=2 lparam=37684683 detail=0
63108562 phase=wndproc-enter msg=WM_CAPTURECHANGED hwnd=789566 fg=1 capture=0 cursor=1467,580 rect=165,123,1380,827 wparam=0 lparam=0 detail=0
63108562 phase=capture-changed msg=WM_CAPTURECHANGED hwnd=789566 fg=1 capture=0 cursor=1467,580 rect=165,123,1380,827 wparam=0 lparam=0 detail=0
63108562 phase=wndproc-enter msg=WM_ENTERSIZEMOVE hwnd=789566 fg=1 capture=0 cursor=1465,581 rect=165,123,1380,827 wparam=0 lparam=0 detail=0
63108562 phase=enter-size-move msg=WM_ENTERSIZEMOVE hwnd=789566 fg=1 capture=0 cursor=1465,581 rect=165,123,1380,827 wparam=0 lparam=0 detail=0
63109312 phase=wndproc-enter msg=WM_CAPTURECHANGED hwnd=789566 fg=1 capture=0 cursor=1475,702 rect=152,252,1367,956 wparam=0 lparam=0 detail=0
63109312 phase=capture-changed msg=WM_CAPTURECHANGED hwnd=789566 fg=1 capture=0 cursor=1475,702 rect=152,252,1367,956 wparam=0 lparam=0 detail=0
63109312 phase=wndproc-enter msg=WM_EXITSIZEMOVE hwnd=789566 fg=1 capture=0 cursor=1475,702 rect=152,252,1367,956 wparam=0 lparam=0 detail=0
63109312 phase=exit-size-move msg=WM_EXITSIZEMOVE hwnd=789566 fg=1 capture=0 cursor=1475,702 rect=152,252,1367,956 wparam=0 lparam=0 detail=0
63109312 phase=start-drag-after-send msg=WM_NCLBUTTONDOWN hwnd=789566 fg=1 capture=0 cursor=1477,702 rect=152,252,1367,956 wparam=2 lparam=37684683 detail=0
63109828 phase=wndproc-enter msg=WM_ACTIVATE hwnd=789566 fg=0 capture=0 cursor=2026,102 rect=152,252,1367,956 wparam=0 lparam=0 detail=0
63111109 phase=wndproc-enter msg=WM_ACTIVATE hwnd=789566 fg=1 capture=0 cursor=1281,461 rect=152,252,1367,956 wparam=2 lparam=0 detail=0
63111125 phase=wndproc-enter msg=WM_SETFOCUS hwnd=789566 fg=1 capture=0 cursor=1277,460 rect=152,252,1367,956 wparam=0 lparam=0 detail=0
63111125 phase=wndproc-enter msg=WM_KILLFOCUS hwnd=789566 fg=1 capture=465224 cursor=1263,454 rect=152,252,1367,956 wparam=465224 lparam=0 detail=0
63111125 phase=start-drag-enter msg=other hwnd=789566 fg=1 capture=465224 cursor=1259,453 rect=152,252,1367,956 wparam=0 lparam=0 detail=0
63111125 phase=start-drag-before-foreground msg=other hwnd=789566 fg=1 capture=465224 cursor=1259,453 rect=152,252,1367,956 wparam=0 lparam=0 detail=0
63111125 phase=start-drag-before-send msg=WM_NCLBUTTONDOWN hwnd=789566 fg=1 capture=465224 cursor=1259,453 rect=152,252,1367,956 wparam=2 lparam=29689067 detail=0
63111125 phase=wndproc-enter msg=WM_NCLBUTTONDOWN hwnd=789566 fg=1 capture=0 cursor=1255,452 rect=152,252,1367,956 wparam=2 lparam=29689067 detail=0
63111125 phase=wndproc-enter msg=WM_CAPTURECHANGED hwnd=789566 fg=1 capture=0 cursor=1240,446 rect=152,252,1367,956 wparam=0 lparam=0 detail=0
63111125 phase=capture-changed msg=WM_CAPTURECHANGED hwnd=789566 fg=1 capture=0 cursor=1240,446 rect=152,252,1367,956 wparam=0 lparam=0 detail=0
63111125 phase=wndproc-enter msg=WM_ENTERSIZEMOVE hwnd=789566 fg=1 capture=0 cursor=1240,446 rect=152,252,1367,956 wparam=0 lparam=0 detail=0
63111125 phase=enter-size-move msg=WM_ENTERSIZEMOVE hwnd=789566 fg=1 capture=0 cursor=1236,445 rect=152,252,1367,956 wparam=0 lparam=0 detail=0
63111671 phase=wndproc-enter msg=WM_CAPTURECHANGED hwnd=789566 fg=1 capture=0 cursor=1284,534 rect=166,329,1381,1033 wparam=0 lparam=0 detail=0
63111671 phase=capture-changed msg=WM_CAPTURECHANGED hwnd=789566 fg=1 capture=0 cursor=1284,534 rect=166,329,1381,1033 wparam=0 lparam=0 detail=0
63111671 phase=wndproc-enter msg=WM_EXITSIZEMOVE hwnd=789566 fg=1 capture=0 cursor=1284,534 rect=166,329,1381,1033 wparam=0 lparam=0 detail=0
63111671 phase=exit-size-move msg=WM_EXITSIZEMOVE hwnd=789566 fg=1 capture=0 cursor=1284,534 rect=166,329,1381,1033 wparam=0 lparam=0 detail=0
63111671 phase=start-drag-after-send msg=WM_NCLBUTTONDOWN hwnd=789566 fg=1 capture=0 cursor=1286,533 rect=166,329,1381,1033 wparam=2 lparam=29689067 detail=0
63113718 phase=wndproc-enter msg=WM_ACTIVATE hwnd=789566 fg=0 capture=0 cursor=1286,360 rect=-32000,-32000,-31801,-31966 wparam=2097152 lparam=0 detail=0
63115281 phase=wndproc-enter msg=WM_ACTIVATE hwnd=789566 fg=1 capture=0 cursor=2281,1178 rect=166,329,1381,1033 wparam=1 lparam=0 detail=0
63115281 phase=wndproc-enter msg=WM_SETFOCUS hwnd=789566 fg=1 capture=0 cursor=2281,1178 rect=166,329,1381,1033 wparam=0 lparam=0 detail=0
63115281 phase=wndproc-enter msg=WM_ACTIVATE hwnd=789566 fg=1 capture=0 cursor=2281,1178 rect=166,329,1381,1033 wparam=1 lparam=0 detail=0
63115906 phase=wndproc-enter msg=WM_KILLFOCUS hwnd=789566 fg=1 capture=465224 cursor=976,354 rect=166,329,1381,1033 wparam=465224 lparam=0 detail=0
63115906 phase=start-drag-enter msg=other hwnd=789566 fg=1 capture=465224 cursor=976,354 rect=166,329,1381,1033 wparam=0 lparam=0 detail=0
63115906 phase=start-drag-before-foreground msg=other hwnd=789566 fg=1 capture=465224 cursor=976,354 rect=166,329,1381,1033 wparam=0 lparam=0 detail=0
63115906 phase=start-drag-before-send msg=WM_NCLBUTTONDOWN hwnd=789566 fg=1 capture=465224 cursor=976,354 rect=166,329,1381,1033 wparam=2 lparam=23200720 detail=0
63115906 phase=wndproc-enter msg=WM_NCLBUTTONDOWN hwnd=789566 fg=1 capture=0 cursor=976,354 rect=166,329,1381,1033 wparam=2 lparam=23200720 detail=0
63115921 phase=wndproc-enter msg=WM_CAPTURECHANGED hwnd=789566 fg=1 capture=0 cursor=980,353 rect=166,329,1381,1033 wparam=0 lparam=0 detail=0
63115921 phase=capture-changed msg=WM_CAPTURECHANGED hwnd=789566 fg=1 capture=0 cursor=980,353 rect=166,329,1381,1033 wparam=0 lparam=0 detail=0
63115921 phase=wndproc-enter msg=WM_ENTERSIZEMOVE hwnd=789566 fg=1 capture=0 cursor=980,353 rect=166,329,1381,1033 wparam=0 lparam=0 detail=0
63115921 phase=enter-size-move msg=WM_ENTERSIZEMOVE hwnd=789566 fg=1 capture=0 cursor=980,353 rect=166,329,1381,1033 wparam=0 lparam=0 detail=0
63116390 phase=wndproc-enter msg=WM_CAPTURECHANGED hwnd=789566 fg=1 capture=0 cursor=1110,350 rect=300,325,1515,1029 wparam=0 lparam=0 detail=0
63116390 phase=capture-changed msg=WM_CAPTURECHANGED hwnd=789566 fg=1 capture=0 cursor=1110,350 rect=300,325,1515,1029 wparam=0 lparam=0 detail=0
63116390 phase=wndproc-enter msg=WM_EXITSIZEMOVE hwnd=789566 fg=1 capture=0 cursor=1110,350 rect=300,325,1515,1029 wparam=0 lparam=0 detail=0
63116390 phase=exit-size-move msg=WM_EXITSIZEMOVE hwnd=789566 fg=1 capture=0 cursor=1110,350 rect=300,325,1515,1029 wparam=0 lparam=0 detail=0
63116390 phase=start-drag-after-send msg=WM_NCLBUTTONDOWN hwnd=789566 fg=1 capture=0 cursor=1110,350 rect=300,325,1515,1029 wparam=2 lparam=23200720 detail=0
63117062 phase=wndproc-enter msg=WM_ACTIVATE hwnd=789566 fg=0 capture=0 cursor=1442,332 rect=-32000,-32000,-31801,-31966 wparam=2097152 lparam=0 detail=0
63119125 phase=wndproc-enter msg=WM_ACTIVATE hwnd=789566 fg=1 capture=0 cursor=2243,1158 rect=300,325,1515,1029 wparam=1 lparam=0 detail=0
63119125 phase=wndproc-enter msg=WM_SETFOCUS hwnd=789566 fg=1 capture=0 cursor=2236,1151 rect=300,325,1515,1029 wparam=0 lparam=0 detail=0
63119125 phase=wndproc-enter msg=WM_ACTIVATE hwnd=789566 fg=1 capture=0 cursor=2196,1121 rect=300,325,1515,1029 wparam=1 lparam=0 detail=0
63119656 phase=wndproc-enter msg=WM_KILLFOCUS hwnd=789566 fg=1 capture=465224 cursor=1182,348 rect=300,325,1515,1029 wparam=465224 lparam=0 detail=0
63119656 phase=start-drag-enter msg=other hwnd=789566 fg=1 capture=465224 cursor=1182,348 rect=300,325,1515,1029 wparam=0 lparam=0 detail=0
63119656 phase=start-drag-before-foreground msg=other hwnd=789566 fg=1 capture=465224 cursor=1183,348 rect=300,325,1515,1029 wparam=0 lparam=0 detail=0
63119656 phase=start-drag-before-send msg=WM_NCLBUTTONDOWN hwnd=789566 fg=1 capture=465224 cursor=1183,348 rect=300,325,1515,1029 wparam=2 lparam=22807711 detail=0
63119656 phase=wndproc-enter msg=WM_NCLBUTTONDOWN hwnd=789566 fg=1 capture=0 cursor=1183,348 rect=300,325,1515,1029 wparam=2 lparam=22807711 detail=0
63119656 phase=wndproc-enter msg=WM_CAPTURECHANGED hwnd=789566 fg=1 capture=0 cursor=1187,348 rect=300,325,1515,1029 wparam=0 lparam=0 detail=0
63119656 phase=capture-changed msg=WM_CAPTURECHANGED hwnd=789566 fg=1 capture=0 cursor=1187,348 rect=300,325,1515,1029 wparam=0 lparam=0 detail=0
63119656 phase=wndproc-enter msg=WM_ENTERSIZEMOVE hwnd=789566 fg=1 capture=0 cursor=1188,348 rect=300,325,1515,1029 wparam=0 lparam=0 detail=0
63119656 phase=enter-size-move msg=WM_ENTERSIZEMOVE hwnd=789566 fg=1 capture=0 cursor=1188,348 rect=300,325,1515,1029 wparam=0 lparam=0 detail=0
63120203 phase=wndproc-enter msg=WM_CAPTURECHANGED hwnd=789566 fg=1 capture=0 cursor=1213,452 rect=346,427,1561,1131 wparam=0 lparam=0 detail=0
63120203 phase=capture-changed msg=WM_CAPTURECHANGED hwnd=789566 fg=1 capture=0 cursor=1213,452 rect=346,427,1561,1131 wparam=0 lparam=0 detail=0
63120203 phase=wndproc-enter msg=WM_EXITSIZEMOVE hwnd=789566 fg=1 capture=0 cursor=1213,452 rect=346,427,1561,1131 wparam=0 lparam=0 detail=0
63120203 phase=exit-size-move msg=WM_EXITSIZEMOVE hwnd=789566 fg=1 capture=0 cursor=1213,452 rect=346,427,1561,1131 wparam=0 lparam=0 detail=0
63120203 phase=start-drag-after-send msg=WM_NCLBUTTONDOWN hwnd=789566 fg=1 capture=0 cursor=1213,452 rect=346,427,1561,1131 wparam=2 lparam=22807711 detail=0
63120921 phase=wndproc-enter msg=WM_ACTIVATE hwnd=789566 fg=0 capture=0 cursor=1481,444 rect=-32000,-32000,-31801,-31966 wparam=2097152 lparam=0 detail=0
63123437 phase=wndproc-enter msg=WM_ACTIVATE hwnd=789566 fg=1 capture=0 cursor=2280,1174 rect=346,427,1561,1131 wparam=1 lparam=0 detail=0
63123437 phase=wndproc-enter msg=WM_SETFOCUS hwnd=789566 fg=1 capture=0 cursor=2280,1174 rect=346,427,1561,1131 wparam=0 lparam=0 detail=0
63123453 phase=wndproc-enter msg=WM_ACTIVATE hwnd=789566 fg=1 capture=0 cursor=2280,1174 rect=346,427,1561,1131 wparam=1 lparam=0 detail=0
63124312 phase=wndproc-enter msg=WM_KILLFOCUS hwnd=789566 fg=1 capture=465224 cursor=1295,428 rect=346,427,1561,1131 wparam=465224 lparam=0 detail=0
63124312 phase=start-drag-enter msg=other hwnd=789566 fg=1 capture=465224 cursor=1295,428 rect=346,427,1561,1131 wparam=0 lparam=0 detail=0
63124312 phase=start-drag-before-foreground msg=other hwnd=789566 fg=1 capture=465224 cursor=1295,428 rect=346,427,1561,1131 wparam=0 lparam=0 detail=0
63124312 phase=start-drag-before-send msg=WM_NCLBUTTONDOWN hwnd=789566 fg=1 capture=465224 cursor=1295,428 rect=346,427,1561,1131 wparam=2 lparam=28050703 detail=0
63124312 phase=wndproc-enter msg=WM_NCLBUTTONDOWN hwnd=789566 fg=1 capture=0 cursor=1295,428 rect=346,427,1561,1131 wparam=2 lparam=28050703 detail=0
63124312 phase=wndproc-enter msg=WM_CAPTURECHANGED hwnd=789566 fg=1 capture=0 cursor=1301,427 rect=346,427,1561,1131 wparam=0 lparam=0 detail=0
63124312 phase=capture-changed msg=WM_CAPTURECHANGED hwnd=789566 fg=1 capture=0 cursor=1301,427 rect=346,427,1561,1131 wparam=0 lparam=0 detail=0
63124312 phase=wndproc-enter msg=WM_ENTERSIZEMOVE hwnd=789566 fg=1 capture=0 cursor=1301,427 rect=346,427,1561,1131 wparam=0 lparam=0 detail=0
63124312 phase=enter-size-move msg=WM_ENTERSIZEMOVE hwnd=789566 fg=1 capture=0 cursor=1301,427 rect=346,427,1561,1131 wparam=0 lparam=0 detail=0
63124796 phase=wndproc-enter msg=WM_CAPTURECHANGED hwnd=789566 fg=1 capture=0 cursor=2104,708 rect=1168,705,2383,1409 wparam=0 lparam=0 detail=0
63124796 phase=capture-changed msg=WM_CAPTURECHANGED hwnd=789566 fg=1 capture=0 cursor=2104,708 rect=1168,705,2383,1409 wparam=0 lparam=0 detail=0
63124796 phase=wndproc-enter msg=WM_EXITSIZEMOVE hwnd=789566 fg=1 capture=0 cursor=2104,708 rect=1168,705,2383,1409 wparam=0 lparam=0 detail=0
63124796 phase=exit-size-move msg=WM_EXITSIZEMOVE hwnd=789566 fg=1 capture=0 cursor=2104,708 rect=1168,705,2383,1409 wparam=0 lparam=0 detail=0
63124796 phase=start-drag-after-send msg=WM_NCLBUTTONDOWN hwnd=789566 fg=1 capture=0 cursor=2104,708 rect=1168,705,2383,1409 wparam=2 lparam=28050703 detail=0
63125437 phase=wndproc-enter msg=WM_ACTIVATE hwnd=789566 fg=0 capture=0 cursor=2337,1416 rect=1168,705,2383,1409 wparam=0 lparam=0 detail=0
63127078 phase=wndproc-enter msg=WM_ACTIVATE hwnd=789566 fg=1 capture=0 cursor=2293,1355 rect=1168,705,2383,1409 wparam=2 lparam=0 detail=0
63127078 phase=wndproc-enter msg=WM_SETFOCUS hwnd=789566 fg=1 capture=0 cursor=2293,1355 rect=1168,705,2383,1409 wparam=0 lparam=0 detail=0
63127093 phase=wndproc-enter msg=WM_KILLFOCUS hwnd=789566 fg=1 capture=465224 cursor=2293,1351 rect=1168,705,2383,1409 wparam=465224 lparam=0 detail=0
63127140 phase=wndproc-enter msg=WM_ACTIVATE hwnd=789566 fg=0 capture=0 cursor=2288,1273 rect=-32000,-32000,-31801,-31966 wparam=2097152 lparam=0 detail=0
63128484 phase=wndproc-enter msg=WM_ACTIVATE hwnd=789566 fg=1 capture=0 cursor=2274,1174 rect=1168,705,2383,1409 wparam=1 lparam=0 detail=0
63128484 phase=wndproc-enter msg=WM_SETFOCUS hwnd=789566 fg=1 capture=0 cursor=2274,1174 rect=1168,705,2383,1409 wparam=0 lparam=0 detail=0
63128484 phase=wndproc-enter msg=WM_ACTIVATE hwnd=789566 fg=1 capture=0 cursor=2274,1174 rect=1168,705,2383,1409 wparam=1 lparam=0 detail=0
63129078 phase=wndproc-enter msg=WM_KILLFOCUS hwnd=789566 fg=1 capture=465224 cursor=1805,726 rect=1168,705,2383,1409 wparam=465224 lparam=0 detail=0
63129078 phase=start-drag-enter msg=other hwnd=789566 fg=1 capture=465224 cursor=1805,726 rect=1168,705,2383,1409 wparam=0 lparam=0 detail=0
63129078 phase=start-drag-before-foreground msg=other hwnd=789566 fg=1 capture=465224 cursor=1805,726 rect=1168,705,2383,1409 wparam=0 lparam=0 detail=0
63129093 phase=start-drag-before-send msg=WM_NCLBUTTONDOWN hwnd=789566 fg=1 capture=465224 cursor=1805,726 rect=1168,705,2383,1409 wparam=2 lparam=47580941 detail=0
63129093 phase=wndproc-enter msg=WM_NCLBUTTONDOWN hwnd=789566 fg=1 capture=0 cursor=1805,726 rect=1168,705,2383,1409 wparam=2 lparam=47580941 detail=0
63129125 phase=wndproc-enter msg=WM_CAPTURECHANGED hwnd=789566 fg=1 capture=0 cursor=1809,726 rect=1168,705,2383,1409 wparam=0 lparam=0 detail=0
63129125 phase=capture-changed msg=WM_CAPTURECHANGED hwnd=789566 fg=1 capture=0 cursor=1809,726 rect=1168,705,2383,1409 wparam=0 lparam=0 detail=0
63129125 phase=wndproc-enter msg=WM_ENTERSIZEMOVE hwnd=789566 fg=1 capture=0 cursor=1809,726 rect=1168,705,2383,1409 wparam=0 lparam=0 detail=0
63129125 phase=enter-size-move msg=WM_ENTERSIZEMOVE hwnd=789566 fg=1 capture=0 cursor=1809,726 rect=1168,705,2383,1409 wparam=0 lparam=0 detail=0
63129531 phase=wndproc-enter msg=WM_CAPTURECHANGED hwnd=789566 fg=1 capture=0 cursor=1338,342 rect=701,321,1916,1025 wparam=0 lparam=0 detail=0
63129531 phase=capture-changed msg=WM_CAPTURECHANGED hwnd=789566 fg=1 capture=0 cursor=1338,342 rect=701,321,1916,1025 wparam=0 lparam=0 detail=0
63129531 phase=wndproc-enter msg=WM_EXITSIZEMOVE hwnd=789566 fg=1 capture=0 cursor=1338,342 rect=701,321,1916,1025 wparam=0 lparam=0 detail=0
63129531 phase=exit-size-move msg=WM_EXITSIZEMOVE hwnd=789566 fg=1 capture=0 cursor=1338,342 rect=701,321,1916,1025 wparam=0 lparam=0 detail=0
63129531 phase=start-drag-after-send msg=WM_NCLBUTTONDOWN hwnd=789566 fg=1 capture=0 cursor=1338,342 rect=701,321,1916,1025 wparam=2 lparam=47580941 detail=0
63131062 phase=wndproc-enter msg=WM_ACTIVATE hwnd=789566 fg=0 capture=0 cursor=1809,356 rect=-32000,-32000,-31801,-31966 wparam=2097152 lparam=0 detail=0
63134046 phase=wndproc-enter msg=WM_ACTIVATE hwnd=789566 fg=1 capture=0 cursor=2272,1184 rect=701,321,1916,1025 wparam=1 lparam=0 detail=0
63134046 phase=wndproc-enter msg=WM_SETFOCUS hwnd=789566 fg=1 capture=0 cursor=2272,1184 rect=701,321,1916,1025 wparam=0 lparam=0 detail=0
63134046 phase=wndproc-enter msg=WM_ACTIVATE hwnd=789566 fg=1 capture=0 cursor=2272,1184 rect=701,321,1916,1025 wparam=1 lparam=0 detail=0
63134890 phase=wndproc-enter msg=WM_KILLFOCUS hwnd=789566 fg=1 capture=465224 cursor=1408,350 rect=701,321,1916,1025 wparam=465224 lparam=0 detail=0
63134890 phase=start-drag-enter msg=other hwnd=789566 fg=1 capture=465224 cursor=1408,350 rect=701,321,1916,1025 wparam=0 lparam=0 detail=0
63134890 phase=start-drag-before-foreground msg=other hwnd=789566 fg=1 capture=465224 cursor=1408,350 rect=701,321,1916,1025 wparam=0 lparam=0 detail=0
63134890 phase=start-drag-before-send msg=WM_NCLBUTTONDOWN hwnd=789566 fg=1 capture=465224 cursor=1408,350 rect=701,321,1916,1025 wparam=2 lparam=22939008 detail=0
63134890 phase=wndproc-enter msg=WM_NCLBUTTONDOWN hwnd=789566 fg=1 capture=0 cursor=1408,350 rect=701,321,1916,1025 wparam=2 lparam=22939008 detail=0
63134906 phase=wndproc-enter msg=WM_CAPTURECHANGED hwnd=789566 fg=1 capture=0 cursor=1412,350 rect=701,321,1916,1025 wparam=0 lparam=0 detail=0
63134921 phase=capture-changed msg=WM_CAPTURECHANGED hwnd=789566 fg=1 capture=0 cursor=1412,350 rect=701,321,1916,1025 wparam=0 lparam=0 detail=0
63134921 phase=wndproc-enter msg=WM_ENTERSIZEMOVE hwnd=789566 fg=1 capture=0 cursor=1412,350 rect=701,321,1916,1025 wparam=0 lparam=0 detail=0
63134921 phase=enter-size-move msg=WM_ENTERSIZEMOVE hwnd=789566 fg=1 capture=0 cursor=1412,350 rect=701,321,1916,1025 wparam=0 lparam=0 detail=0
63135500 phase=wndproc-enter msg=WM_CAPTURECHANGED hwnd=789566 fg=1 capture=0 cursor=996,392 rect=289,363,1504,1067 wparam=0 lparam=0 detail=0
63135500 phase=capture-changed msg=WM_CAPTURECHANGED hwnd=789566 fg=1 capture=0 cursor=996,392 rect=289,363,1504,1067 wparam=0 lparam=0 detail=0
63135500 phase=wndproc-enter msg=WM_EXITSIZEMOVE hwnd=789566 fg=1 capture=0 cursor=996,392 rect=289,363,1504,1067 wparam=0 lparam=0 detail=0
63135500 phase=exit-size-move msg=WM_EXITSIZEMOVE hwnd=789566 fg=1 capture=0 cursor=996,392 rect=289,363,1504,1067 wparam=0 lparam=0 detail=0
63135500 phase=start-drag-after-send msg=WM_NCLBUTTONDOWN hwnd=789566 fg=1 capture=0 cursor=996,392 rect=289,363,1504,1067 wparam=2 lparam=22939008 detail=0
63136375 phase=wndproc-enter msg=WM_ACTIVATE hwnd=789566 fg=0 capture=0 cursor=2091,1310 rect=289,363,1504,1067 wparam=0 lparam=0 detail=0
